2021-07-20 11:37:59.039 [background-preinit] INFO  org.hibernate.validator.internal.util.Version:21 - HV000001: Hibernate Validator 6.1.6.Final
2021-07-20 11:37:59.236 [main] INFO  c.a.b.nacos.config.util.NacosConfigPropertiesUtils:47 - nacosConfigProperties : NacosConfigProperties{serverAddr='192.168.31.138:8848', contextPath='null', encode='null', endpoint='null', namespace='null', accessKey='null', secretKey='null', ramRoleName='null', autoRefresh=false, dataId='null', dataIds='config-dev.yaml', group='DEFAULT_GROUP', type=YAML, maxRetry='10', configLongPollTimeout='30000', configRetryTime='3000', enableRemoteSyncConfig=false, extConfig=[], bootstrap=Bootstrap{enable=true, logEnable=true}}
2021-07-20 11:37:59.330 [main] INFO  org.jeecg.JeecgSystemApplication:55 - Starting JeecgSystemApplication v1.0.0 on DESKTOP-EQUELJ0 with PID 7096 (D:\pressure list\LMOCP-BYGL-SYSTEM\jeecg-boot-module-system\target\jeecg-boot-module-system-1.0.0.jar started by Fengc in D:\pressure list\LMOCP-BYGL-SYSTEM\jeecg-boot-module-system\target)
2021-07-20 11:37:59.331 [main] INFO  org.jeecg.JeecgSystemApplication:655 - The following profiles are active: dev
2021-07-20 11:38:01.524 [background-preinit] WARN  o.s.h.converter.json.Jackson2ObjectMapperBuilder:127 - For Jackson Kotlin classes support please add "com.fasterxml.jackson.module:jackson-module-kotlin" to the classpath
2021-07-20 11:38:10.733 [main] INFO  o.s.d.r.config.RepositoryConfigurationDelegate:249 - Multiple Spring Data modules found, entering strict repository configuration mode!
2021-07-20 11:38:10.741 [main] INFO  o.s.d.r.config.RepositoryConfigurationDelegate:127 - Bootstrapping Spring Data JPA repositories in DEFERRED mode.
2021-07-20 11:38:11.792 [main] INFO  o.s.d.r.config.RepositoryConfigurationDelegate:187 - Finished Spring Data repository scanning in 1028ms. Found 6 JPA repository interfaces.
2021-07-20 11:38:11.852 [main] INFO  o.s.d.r.config.RepositoryConfigurationDelegate:249 - Multiple Spring Data modules found, entering strict repository configuration mode!
2021-07-20 11:38:11.854 [main] INFO  o.s.d.r.config.RepositoryConfigurationDelegate:127 - Bootstrapping Spring Data Redis repositories in DEFAULT mode.
2021-07-20 11:38:11.895 [main] INFO  o.s.d.r.c.RepositoryConfigurationExtensionSupport:348 - Spring Data Redis - Could not safely identify store assignment for repository candidate interface com.snszyk.iiot.marketization.demo.repository.UserRepository. If you want this repository to be a Redis repository, consider annotating your entities with one of these annotations: org.springframework.data.redis.core.RedisHash (preferred), or consider extending one of the following types with your repository: org.springframework.data.keyvalue.repository.KeyValueRepository.
2021-07-20 11:38:11.897 [main] INFO  o.s.d.r.c.RepositoryConfigurationExtensionSupport:348 - Spring Data Redis - Could not safely identify store assignment for repository candidate interface com.snszyk.iiot.marketization.demo.infrastructure.persistence.aggr.jpa.AuthorRepository. If you want this repository to be a Redis repository, consider annotating your entities with one of these annotations: org.springframework.data.redis.core.RedisHash (preferred), or consider extending one of the following types with your repository: org.springframework.data.keyvalue.repository.KeyValueRepository.
2021-07-20 11:38:11.900 [main] INFO  o.s.d.r.c.RepositoryConfigurationExtensionSupport:348 - Spring Data Redis - Could not safely identify store assignment for repository candidate interface com.snszyk.iiot.marketization.demo.infrastructure.persistence.aggr.jpa.BookRepository. If you want this repository to be a Redis repository, consider annotating your entities with one of these annotations: org.springframework.data.redis.core.RedisHash (preferred), or consider extending one of the following types with your repository: org.springframework.data.keyvalue.repository.KeyValueRepository.
2021-07-20 11:38:11.901 [main] INFO  o.s.d.r.c.RepositoryConfigurationExtensionSupport:348 - Spring Data Redis - Could not safely identify store assignment for repository candidate interface com.snszyk.iiot.marketization.demo.infrastructure.persistence.aggr.jpa.PositionRepo. If you want this repository to be a Redis repository, consider annotating your entities with one of these annotations: org.springframework.data.redis.core.RedisHash (preferred), or consider extending one of the following types with your repository: org.springframework.data.keyvalue.repository.KeyValueRepository.
2021-07-20 11:38:11.901 [main] INFO  o.s.d.r.c.RepositoryConfigurationExtensionSupport:348 - Spring Data Redis - Could not safely identify store assignment for repository candidate interface com.snszyk.iiot.marketization.demo.presentation.person.model.PersonQuery. If you want this repository to be a Redis repository, consider annotating your entities with one of these annotations: org.springframework.data.redis.core.RedisHash (preferred), or consider extending one of the following types with your repository: org.springframework.data.keyvalue.repository.KeyValueRepository.
2021-07-20 11:38:11.902 [main] INFO  o.s.d.r.c.RepositoryConfigurationExtensionSupport:348 - Spring Data Redis - Could not safely identify store assignment for repository candidate interface com.snszyk.iiot.marketization.demo.presentation.position.model.PositionQuery. If you want this repository to be a Redis repository, consider annotating your entities with one of these annotations: org.springframework.data.redis.core.RedisHash (preferred), or consider extending one of the following types with your repository: org.springframework.data.keyvalue.repository.KeyValueRepository.
2021-07-20 11:38:12.013 [main] INFO  o.s.d.r.config.RepositoryConfigurationDelegate:187 - Finished Spring Data repository scanning in 131ms. Found 0 Redis repository interfaces.
2021-07-20 11:38:12.453 [main] INFO  o.j.minidao.auto.MinidaoAutoConfiguration:25 -  ******************* init miniDao config [ begin ] *********************** 
2021-07-20 11:38:12.454 [main] INFO  o.j.minidao.auto.MinidaoAutoConfiguration:27 -  ------ minidao.base-package ------- org.jeecg.modules.jmreport.*
2021-07-20 11:38:12.454 [main] INFO  o.j.minidao.auto.MinidaoAutoConfiguration:28 -  ------ minidao.db-type ------------ mysql
2021-07-20 11:38:12.457 [main] INFO  o.j.minidao.auto.MinidaoAutoConfiguration:39 -  ------ minidao Set Interceptor  ------- 
2021-07-20 11:38:12.459 [main] INFO  o.j.minidao.auto.MinidaoAutoConfiguration:50 -  *******************  init miniDao config  [ end ] *********************** 
2021-07-20 11:38:12.533 [main] INFO  o.j.minidao.factory.MiniDaoClassPathMapperScanner:48 - register minidao name is { org.jeecg.modules.jmreport.desreport.dao.JimuReportDao }
2021-07-20 11:38:12.534 [main] INFO  o.j.minidao.factory.MiniDaoClassPathMapperScanner:48 - register minidao name is { org.jeecg.modules.jmreport.desreport.dao.JimuReportDataSourceDao }
2021-07-20 11:38:12.534 [main] INFO  o.j.minidao.factory.MiniDaoClassPathMapperScanner:48 - register minidao name is { org.jeecg.modules.jmreport.desreport.dao.JimuReportDbDao }
2021-07-20 11:38:12.535 [main] INFO  o.j.minidao.factory.MiniDaoClassPathMapperScanner:48 - register minidao name is { org.jeecg.modules.jmreport.desreport.dao.JimuReportDbFieldDao }
2021-07-20 11:38:12.535 [main] INFO  o.j.minidao.factory.MiniDaoClassPathMapperScanner:48 - register minidao name is { org.jeecg.modules.jmreport.desreport.dao.JimuReportDbParamDao }
2021-07-20 11:38:12.535 [main] INFO  o.j.minidao.factory.MiniDaoClassPathMapperScanner:48 - register minidao name is { org.jeecg.modules.jmreport.desreport.dao.JimuReportDictDao }
2021-07-20 11:38:12.535 [main] INFO  o.j.minidao.factory.MiniDaoClassPathMapperScanner:48 - register minidao name is { org.jeecg.modules.jmreport.desreport.dao.JimuReportDictItemDao }
2021-07-20 11:38:12.536 [main] INFO  o.j.minidao.factory.MiniDaoClassPathMapperScanner:48 - register minidao name is { org.jeecg.modules.jmreport.desreport.dao.JimuReportLinkDao }
2021-07-20 11:38:12.536 [main] INFO  o.j.minidao.factory.MiniDaoClassPathMapperScanner:48 - register minidao name is { org.jeecg.modules.jmreport.desreport.dao.JimuReportMapDao }
2021-07-20 11:38:12.536 [main] INFO  o.j.minidao.factory.MiniDaoClassPathMapperScanner:48 - register minidao name is { org.jeecg.modules.jmreport.desreport.dao.JimuReportShareDao }
2021-07-20 11:38:12.914 [main] INFO  o.s.i.c.DefaultConfiguringBeanFactoryPostProcessor:213 - No bean named 'errorChannel' has been explicitly defined. Therefore, a default PublishSubscribeChannel will be created.
2021-07-20 11:38:12.944 [main] INFO  o.s.i.c.DefaultConfiguringBeanFactoryPostProcessor:300 - No bean named 'taskScheduler' has been explicitly defined. Therefore, a default ThreadPoolTaskScheduler will be created.
2021-07-20 11:38:13.070 [main] INFO  o.s.i.c.DefaultConfiguringBeanFactoryPostProcessor:460 - No bean named 'integrationHeaderChannelRegistry' has been explicitly defined. Therefore, a default DefaultHeaderChannelRegistry will be created.
2021-07-20 11:38:13.239 [main] WARN  o.s.boot.context.properties.PropertySourcesDeducer:66 - Multiple PropertySourcesPlaceholderConfigurer beans registered [placeholderConfigurer, propertySourcesPlaceholderConfigurer], falling back to Environment
2021-07-20 11:38:13.346 [main] INFO  o.s.c.s.PostProcessorRegistrationDelegate$BeanPostProcessorChecker:335 - Bean 'org.springframework.boot.autoconfigure.jdbc.JdbcTemplateConfiguration' of type [org.springframework.boot.autoconfigure.jdbc.JdbcTemplateConfiguration] is not eligible for getting processed by all BeanPostProcessors (for example: not eligible for auto-proxying)
2021-07-20 11:38:13.400 [main] INFO  o.s.c.s.PostProcessorRegistrationDelegate$BeanPostProcessorChecker:335 - Bean 'org.apache.camel.component.avro.springboot.AvroComponentConverter' of type [org.apache.camel.component.avro.springboot.AvroComponentConverter] is not eligible for getting processed by all BeanPostProcessors (for example: not eligible for auto-proxying)
2021-07-20 11:38:13.410 [main] INFO  o.s.c.s.PostProcessorRegistrationDelegate$BeanPostProcessorChecker:335 - Bean 'org.apache.camel.component.jms.springboot.JmsComponentConverter' of type [org.apache.camel.component.jms.springboot.JmsComponentConverter] is not eligible for getting processed by all BeanPostProcessors (for example: not eligible for auto-proxying)
2021-07-20 11:38:13.416 [main] INFO  o.s.c.s.PostProcessorRegistrationDelegate$BeanPostProcessorChecker:335 - Bean 'org.apache.camel.component.sql.springboot.SqlComponentConverter' of type [org.apache.camel.component.sql.springboot.SqlComponentConverter] is not eligible for getting processed by all BeanPostProcessors (for example: not eligible for auto-proxying)
2021-07-20 11:38:13.424 [main] INFO  o.s.c.s.PostProcessorRegistrationDelegate$BeanPostProcessorChecker:335 - Bean 'org.apache.camel.component.sql.stored.springboot.SqlStoredComponentConverter' of type [org.apache.camel.component.sql.stored.springboot.SqlStoredComponentConverter] is not eligible for getting processed by all BeanPostProcessors (for example: not eligible for auto-proxying)
2021-07-20 11:38:13.438 [main] INFO  o.s.c.s.PostProcessorRegistrationDelegate$BeanPostProcessorChecker:335 - Bean 'spring.datasource.dynamic-com.baomidou.dynamic.datasource.spring.boot.autoconfigure.DynamicDataSourceProperties' of type [com.baomidou.dynamic.datasource.spring.boot.autoconfigure.DynamicDataSourceProperties] is not eligible for getting processed by all BeanPostProcessors (for example: not eligible for auto-proxying)
2021-07-20 11:38:13.451 [main] INFO  o.s.c.s.PostProcessorRegistrationDelegate$BeanPostProcessorChecker:335 - Bean 'com.baomidou.dynamic.datasource.spring.boot.autoconfigure.DynamicDataSourceAutoConfiguration' of type [com.baomidou.dynamic.datasource.spring.boot.autoconfigure.DynamicDataSourceAutoConfiguration$$EnhancerBySpringCGLIB$$1d58512] is not eligible for getting processed by all BeanPostProcessors (for example: not eligible for auto-proxying)
2021-07-20 11:38:13.490 [main] INFO  o.s.c.s.PostProcessorRegistrationDelegate$BeanPostProcessorChecker:335 - Bean 'com.baomidou.dynamic.datasource.spring.boot.autoconfigure.DynamicDataSourceCreatorAutoConfiguration' of type [com.baomidou.dynamic.datasource.spring.boot.autoconfigure.DynamicDataSourceCreatorAutoConfiguration$$EnhancerBySpringCGLIB$$27a9451c] is not eligible for getting processed by all BeanPostProcessors (for example: not eligible for auto-proxying)
2021-07-20 11:38:13.566 [main] INFO  o.s.c.s.PostProcessorRegistrationDelegate$BeanPostProcessorChecker:335 - Bean 'basicDataSourceCreator' of type [com.baomidou.dynamic.datasource.creator.BasicDataSourceCreator] is not eligible for getting processed by all BeanPostProcessors (for example: not eligible for auto-proxying)
2021-07-20 11:38:13.570 [main] INFO  o.s.c.s.PostProcessorRegistrationDelegate$BeanPostProcessorChecker:335 - Bean 'jndiDataSourceCreator' of type [com.baomidou.dynamic.datasource.creator.JndiDataSourceCreator] is not eligible for getting processed by all BeanPostProcessors (for example: not eligible for auto-proxying)
2021-07-20 11:38:13.575 [main] INFO  o.s.c.s.PostProcessorRegistrationDelegate$BeanPostProcessorChecker:335 - Bean 'druidDataSourceCreator' of type [com.baomidou.dynamic.datasource.creator.DruidDataSourceCreator] is not eligible for getting processed by all BeanPostProcessors (for example: not eligible for auto-proxying)
2021-07-20 11:38:13.577 [main] INFO  o.s.c.s.PostProcessorRegistrationDelegate$BeanPostProcessorChecker:335 - Bean 'hikariDataSourceCreator' of type [com.baomidou.dynamic.datasource.creator.HikariDataSourceCreator] is not eligible for getting processed by all BeanPostProcessors (for example: not eligible for auto-proxying)
2021-07-20 11:38:13.580 [main] INFO  o.s.c.s.PostProcessorRegistrationDelegate$BeanPostProcessorChecker:335 - Bean 'dataSourceCreator' of type [com.baomidou.dynamic.datasource.creator.DataSourceCreator] is not eligible for getting processed by all BeanPostProcessors (for example: not eligible for auto-proxying)
2021-07-20 11:38:13.588 [main] INFO  o.s.c.s.PostProcessorRegistrationDelegate$BeanPostProcessorChecker:335 - Bean 'dynamicDataSourceProvider' of type [com.baomidou.dynamic.datasource.provider.YmlDynamicDataSourceProvider] is not eligible for getting processed by all BeanPostProcessors (for example: not eligible for auto-proxying)
2021-07-20 11:38:14.377 [main] INFO  com.alibaba.druid.pool.DruidDataSource:994 - {dataSource-1,master} inited
2021-07-20 11:38:14.378 [main] INFO  c.b.dynamic.datasource.DynamicRoutingDataSource:132 - dynamic-datasource - load a datasource named [master] success
2021-07-20 11:38:14.379 [main] INFO  c.b.dynamic.datasource.DynamicRoutingDataSource:237 - dynamic-datasource initial loaded [1] datasource,primary datasource named [master]
2021-07-20 11:38:14.379 [main] INFO  o.s.c.s.PostProcessorRegistrationDelegate$BeanPostProcessorChecker:335 - Bean 'dataSource' of type [com.baomidou.dynamic.datasource.DynamicRoutingDataSource] is not eligible for getting processed by all BeanPostProcessors (for example: not eligible for auto-proxying)
2021-07-20 11:38:14.386 [main] INFO  o.s.c.s.PostProcessorRegistrationDelegate$BeanPostProcessorChecker:335 - Bean 'spring.jdbc-org.springframework.boot.autoconfigure.jdbc.JdbcProperties' of type [org.springframework.boot.autoconfigure.jdbc.JdbcProperties] is not eligible for getting processed by all BeanPostProcessors (for example: not eligible for auto-proxying)
2021-07-20 11:38:14.418 [main] INFO  o.s.c.s.PostProcessorRegistrationDelegate$BeanPostProcessorChecker:335 - Bean 'jdbcTemplate' of type [org.springframework.jdbc.core.JdbcTemplate] is not eligible for getting processed by all BeanPostProcessors (for example: not eligible for auto-proxying)
2021-07-20 11:38:14.423 [main] INFO  o.s.c.s.PostProcessorRegistrationDelegate$BeanPostProcessorChecker:335 - Bean 'org.springframework.boot.autoconfigure.jdbc.NamedParameterJdbcTemplateConfiguration' of type [org.springframework.boot.autoconfigure.jdbc.NamedParameterJdbcTemplateConfiguration] is not eligible for getting processed by all BeanPostProcessors (for example: not eligible for auto-proxying)
2021-07-20 11:38:14.436 [main] INFO  o.s.c.s.PostProcessorRegistrationDelegate$BeanPostProcessorChecker:335 - Bean 'namedParameterJdbcTemplate' of type [org.springframework.jdbc.core.namedparam.NamedParameterJdbcTemplate] is not eligible for getting processed by all BeanPostProcessors (for example: not eligible for auto-proxying)
2021-07-20 11:38:14.442 [main] INFO  o.s.c.s.PostProcessorRegistrationDelegate$BeanPostProcessorChecker:335 - Bean '(inner bean)#58670130#9' of type [org.jeecgframework.minidao.aop.MiniDaoHandler] is not eligible for getting processed by all BeanPostProcessors (for example: not eligible for auto-proxying)
2021-07-20 11:38:14.450 [main] INFO  o.s.c.s.PostProcessorRegistrationDelegate$BeanPostProcessorChecker:335 - Bean 'jimuReportShareDao' of type [org.jeecgframework.minidao.factory.MiniDaoBeanFactory] is not eligible for getting processed by all BeanPostProcessors (for example: not eligible for auto-proxying)
2021-07-20 11:38:14.453 [main] INFO  o.s.c.s.PostProcessorRegistrationDelegate$BeanPostProcessorChecker:335 - Bean '(inner bean)#58670130#8' of type [org.jeecgframework.minidao.aop.MiniDaoHandler] is not eligible for getting processed by all BeanPostProcessors (for example: not eligible for auto-proxying)
2021-07-20 11:38:14.455 [main] INFO  o.s.c.s.PostProcessorRegistrationDelegate$BeanPostProcessorChecker:335 - Bean 'jimuReportMapDao' of type [org.jeecgframework.minidao.factory.MiniDaoBeanFactory] is not eligible for getting processed by all BeanPostProcessors (for example: not eligible for auto-proxying)
2021-07-20 11:38:14.458 [main] INFO  o.s.c.s.PostProcessorRegistrationDelegate$BeanPostProcessorChecker:335 - Bean '(inner bean)#58670130#7' of type [org.jeecgframework.minidao.aop.MiniDaoHandler] is not eligible for getting processed by all BeanPostProcessors (for example: not eligible for auto-proxying)
2021-07-20 11:38:14.460 [main] INFO  o.s.c.s.PostProcessorRegistrationDelegate$BeanPostProcessorChecker:335 - Bean 'jimuReportLinkDao' of type [org.jeecgframework.minidao.factory.MiniDaoBeanFactory] is not eligible for getting processed by all BeanPostProcessors (for example: not eligible for auto-proxying)
2021-07-20 11:38:14.462 [main] INFO  o.s.c.s.PostProcessorRegistrationDelegate$BeanPostProcessorChecker:335 - Bean '(inner bean)#58670130#6' of type [org.jeecgframework.minidao.aop.MiniDaoHandler] is not eligible for getting processed by all BeanPostProcessors (for example: not eligible for auto-proxying)
2021-07-20 11:38:14.464 [main] INFO  o.s.c.s.PostProcessorRegistrationDelegate$BeanPostProcessorChecker:335 - Bean 'jimuReportDictItemDao' of type [org.jeecgframework.minidao.factory.MiniDaoBeanFactory] is not eligible for getting processed by all BeanPostProcessors (for example: not eligible for auto-proxying)
2021-07-20 11:38:14.467 [main] INFO  o.s.c.s.PostProcessorRegistrationDelegate$BeanPostProcessorChecker:335 - Bean '(inner bean)#58670130#5' of type [org.jeecgframework.minidao.aop.MiniDaoHandler] is not eligible for getting processed by all BeanPostProcessors (for example: not eligible for auto-proxying)
2021-07-20 11:38:14.468 [main] INFO  o.s.c.s.PostProcessorRegistrationDelegate$BeanPostProcessorChecker:335 - Bean 'jimuReportDictDao' of type [org.jeecgframework.minidao.factory.MiniDaoBeanFactory] is not eligible for getting processed by all BeanPostProcessors (for example: not eligible for auto-proxying)
2021-07-20 11:38:14.470 [main] INFO  o.s.c.s.PostProcessorRegistrationDelegate$BeanPostProcessorChecker:335 - Bean '(inner bean)#58670130#4' of type [org.jeecgframework.minidao.aop.MiniDaoHandler] is not eligible for getting processed by all BeanPostProcessors (for example: not eligible for auto-proxying)
2021-07-20 11:38:14.472 [main] INFO  o.s.c.s.PostProcessorRegistrationDelegate$BeanPostProcessorChecker:335 - Bean 'jimuReportDbParamDao' of type [org.jeecgframework.minidao.factory.MiniDaoBeanFactory] is not eligible for getting processed by all BeanPostProcessors (for example: not eligible for auto-proxying)
2021-07-20 11:38:14.476 [main] INFO  o.s.c.s.PostProcessorRegistrationDelegate$BeanPostProcessorChecker:335 - Bean '(inner bean)#58670130#3' of type [org.jeecgframework.minidao.aop.MiniDaoHandler] is not eligible for getting processed by all BeanPostProcessors (for example: not eligible for auto-proxying)
2021-07-20 11:38:14.478 [main] INFO  o.s.c.s.PostProcessorRegistrationDelegate$BeanPostProcessorChecker:335 - Bean 'jimuReportDbFieldDao' of type [org.jeecgframework.minidao.factory.MiniDaoBeanFactory] is not eligible for getting processed by all BeanPostProcessors (for example: not eligible for auto-proxying)
2021-07-20 11:38:14.480 [main] INFO  o.s.c.s.PostProcessorRegistrationDelegate$BeanPostProcessorChecker:335 - Bean '(inner bean)#58670130#2' of type [org.jeecgframework.minidao.aop.MiniDaoHandler] is not eligible for getting processed by all BeanPostProcessors (for example: not eligible for auto-proxying)
2021-07-20 11:38:14.482 [main] INFO  o.s.c.s.PostProcessorRegistrationDelegate$BeanPostProcessorChecker:335 - Bean 'jimuReportDbDao' of type [org.jeecgframework.minidao.factory.MiniDaoBeanFactory] is not eligible for getting processed by all BeanPostProcessors (for example: not eligible for auto-proxying)
2021-07-20 11:38:14.484 [main] INFO  o.s.c.s.PostProcessorRegistrationDelegate$BeanPostProcessorChecker:335 - Bean '(inner bean)#58670130#1' of type [org.jeecgframework.minidao.aop.MiniDaoHandler] is not eligible for getting processed by all BeanPostProcessors (for example: not eligible for auto-proxying)
2021-07-20 11:38:14.486 [main] INFO  o.s.c.s.PostProcessorRegistrationDelegate$BeanPostProcessorChecker:335 - Bean 'jimuReportDataSourceDao' of type [org.jeecgframework.minidao.factory.MiniDaoBeanFactory] is not eligible for getting processed by all BeanPostProcessors (for example: not eligible for auto-proxying)
2021-07-20 11:38:14.489 [main] INFO  o.s.c.s.PostProcessorRegistrationDelegate$BeanPostProcessorChecker:335 - Bean '(inner bean)#58670130' of type [org.jeecgframework.minidao.aop.MiniDaoHandler] is not eligible for getting processed by all BeanPostProcessors (for example: not eligible for auto-proxying)
2021-07-20 11:38:14.491 [main] INFO  o.s.c.s.PostProcessorRegistrationDelegate$BeanPostProcessorChecker:335 - Bean 'jimuReportDao' of type [org.jeecgframework.minidao.factory.MiniDaoBeanFactory] is not eligible for getting processed by all BeanPostProcessors (for example: not eligible for auto-proxying)
2021-07-20 11:38:14.513 [main] INFO  o.s.c.s.PostProcessorRegistrationDelegate$BeanPostProcessorChecker:335 - Bean 'spring.redis-org.springframework.boot.autoconfigure.data.redis.RedisProperties' of type [org.springframework.boot.autoconfigure.data.redis.RedisProperties] is not eligible for getting processed by all BeanPostProcessors (for example: not eligible for auto-proxying)
2021-07-20 11:38:14.524 [main] INFO  o.s.c.s.PostProcessorRegistrationDelegate$BeanPostProcessorChecker:335 - Bean 'org.springframework.boot.autoconfigure.data.redis.LettuceConnectionConfiguration' of type [org.springframework.boot.autoconfigure.data.redis.LettuceConnectionConfiguration] is not eligible for getting processed by all BeanPostProcessors (for example: not eligible for auto-proxying)
2021-07-20 11:38:15.018 [main] INFO  o.s.c.s.PostProcessorRegistrationDelegate$BeanPostProcessorChecker:335 - Bean 'lettuceClientResources' of type [io.lettuce.core.resource.DefaultClientResources] is not eligible for getting processed by all BeanPostProcessors (for example: not eligible for auto-proxying)
2021-07-20 11:38:15.416 [main] INFO  o.s.c.s.PostProcessorRegistrationDelegate$BeanPostProcessorChecker:335 - Bean 'redisConnectionFactory' of type [org.springframework.data.redis.connection.lettuce.LettuceConnectionFactory] is not eligible for getting processed by all BeanPostProcessors (for example: not eligible for auto-proxying)
2021-07-20 11:38:15.423 [main] INFO  o.s.c.s.PostProcessorRegistrationDelegate$BeanPostProcessorChecker:335 - Bean 'shiroConfig' of type [org.jeecg.config.shiro.ShiroConfig$$EnhancerBySpringCGLIB$$f7835c3a] is not eligible for getting processed by all BeanPostProcessors (for example: not eligible for auto-proxying)
2021-07-20 11:38:15.581 [main] INFO  o.s.c.s.PostProcessorRegistrationDelegate$BeanPostProcessorChecker:335 - Bean 'shiroRealm' of type [org.jeecg.config.shiro.ShiroRealm] is not eligible for getting processed by all BeanPostProcessors (for example: not eligible for auto-proxying)
2021-07-20 11:38:15.988 [main] INFO  org.jeecg.config.shiro.ShiroConfig:214 - ===============(1)创建缓存管理器RedisCacheManager
2021-07-20 11:38:15.995 [main] INFO  org.jeecg.config.shiro.ShiroConfig:232 - ===============(2)创建RedisManager,连接Redis..
2021-07-20 11:38:16.006 [main] INFO  o.s.c.s.PostProcessorRegistrationDelegate$BeanPostProcessorChecker:335 - Bean 'redisManager' of type [org.crazycake.shiro.RedisManager] is not eligible for getting processed by all BeanPostProcessors (for example: not eligible for auto-proxying)
2021-07-20 11:38:16.032 [main] INFO  o.s.c.s.PostProcessorRegistrationDelegate$BeanPostProcessorChecker:335 - Bean 'securityManager' of type [org.apache.shiro.web.mgt.DefaultWebSecurityManager] is not eligible for getting processed by all BeanPostProcessors (for example: not eligible for auto-proxying)
2021-07-20 11:38:16.314 [main] INFO  o.s.c.s.PostProcessorRegistrationDelegate$BeanPostProcessorChecker:335 - Bean 'authorizationAttributeSourceAdvisor' of type [org.apache.shiro.spring.security.interceptor.AuthorizationAttributeSourceAdvisor] is not eligible for getting processed by all BeanPostProcessors (for example: not eligible for auto-proxying)
2021-07-20 11:38:16.994 [main] INFO  o.s.c.s.PostProcessorRegistrationDelegate$BeanPostProcessorChecker:335 - Bean 'dsProcessor' of type [com.baomidou.dynamic.datasource.processor.DsHeaderProcessor] is not eligible for getting processed by all BeanPostProcessors (for example: not eligible for auto-proxying)
2021-07-20 11:38:17.045 [main] INFO  o.s.c.s.PostProcessorRegistrationDelegate$BeanPostProcessorChecker:335 - Bean 'redisConfig' of type [org.jeecg.common.modules.redis.config.RedisConfig$$EnhancerBySpringCGLIB$$14e56c6a] is not eligible for getting processed by all BeanPostProcessors (for example: not eligible for auto-proxying)
2021-07-20 11:38:17.171 [main] INFO  o.s.c.s.PostProcessorRegistrationDelegate$BeanPostProcessorChecker:335 - Bean 'org.apache.shiro.spring.boot.autoconfigure.ShiroBeanAutoConfiguration' of type [org.apache.shiro.spring.boot.autoconfigure.ShiroBeanAutoConfiguration$$EnhancerBySpringCGLIB$$ab5ff1f1] is not eligible for getting processed by all BeanPostProcessors (for example: not eligible for auto-proxying)
2021-07-20 11:38:17.181 [main] INFO  o.s.c.s.PostProcessorRegistrationDelegate$BeanPostProcessorChecker:335 - Bean 'eventBus' of type [org.apache.shiro.event.support.DefaultEventBus] is not eligible for getting processed by all BeanPostProcessors (for example: not eligible for auto-proxying)
2021-07-20 11:38:17.217 [main] INFO  o.s.c.s.PostProcessorRegistrationDelegate$BeanPostProcessorChecker:335 - Bean 'org.springframework.integration.config.IntegrationManagementConfiguration' of type [org.springframework.integration.config.IntegrationManagementConfiguration] is not eligible for getting processed by all BeanPostProcessors (for example: not eligible for auto-proxying)
2021-07-20 11:38:17.295 [main] INFO  o.s.c.s.PostProcessorRegistrationDelegate$BeanPostProcessorChecker:335 - Bean 'integrationChannelResolver' of type [org.springframework.integration.support.channel.BeanFactoryChannelResolver] is not eligible for getting processed by all BeanPostProcessors (for example: not eligible for auto-proxying)
2021-07-20 11:38:17.304 [main] INFO  o.s.c.s.PostProcessorRegistrationDelegate$BeanPostProcessorChecker:335 - Bean 'integrationDisposableAutoCreatedBeans' of type [org.springframework.integration.config.annotation.Disposables] is not eligible for getting processed by all BeanPostProcessors (for example: not eligible for auto-proxying)
2021-07-20 11:38:18.435 [main] INFO  o.s.boot.web.embedded.tomcat.TomcatWebServer:108 - Tomcat initialized with port(s): 8080 (http)
2021-07-20 11:38:18.462 [main] INFO  org.apache.coyote.http11.Http11NioProtocol:173 - Initializing ProtocolHandler ["http-nio-8080"]
2021-07-20 11:38:18.463 [main] INFO  org.apache.catalina.core.StandardService:173 - Starting service [Tomcat]
2021-07-20 11:38:18.464 [main] INFO  org.apache.catalina.core.StandardEngine:173 - Starting Servlet engine: [Apache Tomcat/9.0.39]
2021-07-20 11:38:18.678 [main] INFO  o.a.c.c.C.[Tomcat].[localhost].[/lmocp-system]:173 - Initializing Spring embedded WebApplicationContext
2021-07-20 11:38:18.678 [main] INFO  o.s.b.w.s.c.ServletWebServerApplicationContext:285 - Root WebApplicationContext: initialization completed in 19154 ms
2021-07-20 11:38:20.092 [main] INFO  o.s.scheduling.concurrent.ThreadPoolTaskScheduler:181 - Initializing ExecutorService 'taskScheduler'
2021-07-20 11:38:20.587 [task-scheduler-1] INFO  org.hibernate.jpa.internal.util.LogHelper:31 - HHH000204: Processing PersistenceUnitInfo [name: default]
2021-07-20 11:38:21.224 [task-scheduler-1] INFO  org.hibernate.Version:44 - HHH000412: Hibernate ORM core version 5.4.22.Final
2021-07-20 11:38:21.770 [task-scheduler-1] INFO  org.hibernate.annotations.common.Version:49 - HCANN000001: Hibernate Commons Annotations {5.1.0.Final}
2021-07-20 11:38:22.410 [task-scheduler-1] INFO  org.hibernate.dialect.Dialect:170 - HHH000400: Using dialect: org.hibernate.dialect.MySQL57Dialect
2021-07-20 11:38:23.216 [main] ERROR com.baomidou.mybatisplus.core.MybatisConfiguration:133 - mapper[org.jeecg.modules.base.mapper.BaseCommonMapper.saveLog] is ignored, because it exists, maybe from xml file
2021-07-20 11:38:25.256 [task-scheduler-1] INFO  o.h.e.t.jta.platform.internal.JtaPlatformInitiator:52 - HHH000490: Using JtaPlatform implementation: [org.hibernate.engine.transaction.jta.platform.internal.NoJtaPlatform]
2021-07-20 11:38:25.345 [task-scheduler-1] INFO  o.s.orm.jpa.LocalContainerEntityManagerFactoryBean:416 - Initialized JPA EntityManagerFactory for persistence unit 'default'
2021-07-20 11:38:26.527 [main] INFO  org.jeecg.common.modules.redis.config.RedisConfig:76 -  --- redis config init --- 
2021-07-20 11:38:29.186 [main] INFO  org.quartz.impl.StdSchedulerFactory:1220 - Using default implementation for ThreadExecutor
2021-07-20 11:38:29.199 [main] INFO  org.quartz.simpl.SimpleThreadPool:268 - Job execution threads will use class loader of thread: main
2021-07-20 11:38:29.245 [main] INFO  org.quartz.core.SchedulerSignalerImpl:61 - Initialized Scheduler Signaller of type: class org.quartz.core.SchedulerSignalerImpl
2021-07-20 11:38:29.247 [main] INFO  org.quartz.core.QuartzScheduler:229 - Quartz Scheduler v.2.3.2 created.
2021-07-20 11:38:29.254 [main] INFO  o.s.scheduling.quartz.LocalDataSourceJobStore:672 - Using db table-based data access locking (synchronization).
2021-07-20 11:38:29.262 [main] INFO  o.s.scheduling.quartz.LocalDataSourceJobStore:145 - JobStoreCMT initialized.
2021-07-20 11:38:29.266 [main] INFO  org.quartz.core.QuartzScheduler:294 - Scheduler meta-data: Quartz Scheduler (v2.3.2) 'MyScheduler' with instanceId 'DESKTOP-EQUELJ01626752309197'
  Scheduler class: 'org.quartz.core.QuartzScheduler' - running locally.
  NOT STARTED.
  Currently in standby mode.
  Number of jobs executed: 0
  Using thread pool 'org.quartz.simpl.SimpleThreadPool' - with 10 threads.
  Using job-store 'org.springframework.scheduling.quartz.LocalDataSourceJobStore' - which supports persistence. and is clustered.

2021-07-20 11:38:29.267 [main] INFO  org.quartz.impl.StdSchedulerFactory:1374 - Quartz scheduler 'MyScheduler' initialized from an externally provided properties instance.
2021-07-20 11:38:29.268 [main] INFO  org.quartz.impl.StdSchedulerFactory:1378 - Quartz scheduler version: 2.3.2
2021-07-20 11:38:29.269 [main] INFO  org.quartz.core.QuartzScheduler:2293 - JobFactory set to: org.springframework.scheduling.quartz.SpringBeanJobFactory@4a34e9f
2021-07-20 11:38:30.983 [main] INFO  o.j.m.jmreport.config.JimuReportConfiguration:53 -  --- Init JimuReport Config --- 
2021-07-20 11:38:32.610 [main] INFO  o.s.b.actuate.endpoint.web.EndpointLinksResolver:58 - Exposing 2 endpoint(s) beneath base path '/actuator'
2021-07-20 11:38:32.939 [main] INFO  org.jeecg.config.init.CodeGenerateDbConfig:45 -  代码生成器数据库连接，使用application.yml的DB配置 ###################
2021-07-20 11:38:33.298 [main] INFO  s.d.s.w.WebMvcPropertySourcedRequestMappingHandlerMapping:69 - Mapped URL path [/v2/api-docs] onto method [springfox.documentation.swagger2.web.Swagger2ControllerWebMvc#getDocumentation(String, HttpServletRequest)]
2021-07-20 11:38:33.474 [main] INFO  o.j.modules.jmreport.config.JmReportExecutorConfig:21 - ---创建线程池---
2021-07-20 11:38:33.476 [main] INFO  o.s.scheduling.concurrent.ThreadPoolTaskExecutor:181 - Initializing ExecutorService
2021-07-20 11:38:33.491 [main] INFO  o.s.scheduling.concurrent.ThreadPoolTaskExecutor:181 - Initializing ExecutorService 'jmReportTaskExecutor'
2021-07-20 11:38:33.743 [main] INFO  org.apache.camel.support.LRUCacheFactory:90 - Detected and using LRUCacheFactory: camel-caffeine-lrucache
2021-07-20 11:38:37.717 [main] INFO  org.apache.activemq.artemis.core.server:582 - AMQ221000: live Message Broker is starting with configuration Broker Configuration (clustered=false,journalDirectory=C:\Users\Fengc\AppData\Local\Temp\artemis-data/journal,bindingsDirectory=data/bindings,largeMessagesDirectory=data/largemessages,pagingDirectory=data/paging)
2021-07-20 11:38:37.760 [main] INFO  org.apache.activemq.artemis.core.server:2796 - AMQ221045: libaio is not available, switching the configuration into NIO
2021-07-20 11:38:37.928 [main] INFO  org.apache.activemq.artemis.core.server:425 - AMQ221057: Global Max Size is being adjusted to 1/2 of the JVM max size (-Xmx). being defined as 1,885,601,792
2021-07-20 11:38:38.090 [main] INFO  org.apache.activemq.artemis.core.server:159 - AMQ221043: Protocol module found: [artemis-server]. Adding protocol support for: CORE
2021-07-20 11:38:38.152 [main] INFO  org.apache.activemq.audit.base:1204 - AMQ601138: User anonymous is getting notification info on target resource: null []
2021-07-20 11:38:38.154 [main] INFO  org.apache.activemq.audit.base:252 - AMQ601019: User anonymous is getting mbean info on target resource: org.apache.activemq.artemis.core.management.impl.ActiveMQServerControlImpl@36e43829 []
2021-07-20 11:38:38.155 [main] INFO  org.apache.activemq.audit.base:1204 - AMQ601138: User anonymous is getting notification info on target resource: ActiveMQServerImpl::serverUUID=f7d8e1ee-e90b-11eb-a85e-00ff3c063e00 []
2021-07-20 11:38:38.192 [main] INFO  org.apache.activemq.artemis.core.server:2870 - AMQ224092: Despite disabled persistence, page files will be persisted.
2021-07-20 11:38:38.201 [main] INFO  org.apache.activemq.artemis.core.server:3130 - AMQ221080: Deploying address DLQ supporting [ANYCAST]
2021-07-20 11:38:38.205 [main] INFO  org.apache.activemq.audit.base:252 - AMQ601019: User anonymous is getting mbean info on target resource: org.apache.activemq.artemis.core.management.impl.AddressControlImpl@60e3c26e []
2021-07-20 11:38:38.209 [main] INFO  org.apache.activemq.artemis.core.server:3170 - AMQ221003: Deploying ANYCAST queue DLQ on address DLQ
2021-07-20 11:38:38.403 [main] INFO  org.apache.activemq.audit.base:252 - AMQ601019: User anonymous is getting mbean info on target resource: org.apache.activemq.artemis.core.management.impl.QueueControlImpl@66a5755 []
2021-07-20 11:38:38.405 [main] INFO  org.apache.activemq.artemis.core.server:3130 - AMQ221080: Deploying address ExpiryQueue supporting [ANYCAST]
2021-07-20 11:38:38.406 [main] INFO  org.apache.activemq.audit.base:252 - AMQ601019: User anonymous is getting mbean info on target resource: org.apache.activemq.artemis.core.management.impl.AddressControlImpl@771a7d53 []
2021-07-20 11:38:38.406 [main] INFO  org.apache.activemq.artemis.core.server:3170 - AMQ221003: Deploying ANYCAST queue ExpiryQueue on address ExpiryQueue
2021-07-20 11:38:38.407 [main] INFO  org.apache.activemq.audit.base:252 - AMQ601019: User anonymous is getting mbean info on target resource: org.apache.activemq.artemis.core.management.impl.QueueControlImpl@6d6d480c []
2021-07-20 11:38:38.409 [main] INFO  org.apache.activemq.audit.base:252 - AMQ601019: User anonymous is getting mbean info on target resource: org.apache.activemq.artemis.core.management.impl.AddressControlImpl@5d94a2dc []
2021-07-20 11:38:38.476 [main] INFO  org.apache.activemq.audit.base:252 - AMQ601019: User anonymous is getting mbean info on target resource: org.apache.activemq.artemis.core.management.impl.AcceptorControlImpl@3d24420b []
2021-07-20 11:38:38.483 [main] INFO  org.apache.activemq.artemis.core.server:83 - AMQ221007: Server is now live
2021-07-20 11:38:38.484 [main] INFO  org.apache.activemq.artemis.core.server:633 - AMQ221001: Apache ActiveMQ Artemis Message Broker version 2.12.0 [localhost, nodeID=f7d8e1ee-e90b-11eb-a85e-00ff3c063e00] 
2021-07-20 11:38:39.913 [main] INFO  o.s.integration.endpoint.EventDrivenConsumer:107 - Adding {logging-channel-adapter:_org.springframework.integration.errorLogger} as a subscriber to the 'errorChannel' channel
2021-07-20 11:38:39.914 [main] INFO  o.s.integration.channel.PublishSubscribeChannel:64 - Channel 'lmocp-system.errorChannel' has 1 subscriber(s).
2021-07-20 11:38:39.915 [main] INFO  o.s.integration.endpoint.EventDrivenConsumer:159 - started bean '_org.springframework.integration.errorLogger'
2021-07-20 11:38:39.915 [main] INFO  org.apache.coyote.http11.Http11NioProtocol:173 - Starting ProtocolHandler ["http-nio-8080"]
2021-07-20 11:38:40.045 [main] INFO  o.s.boot.web.embedded.tomcat.TomcatWebServer:220 - Tomcat started on port(s): 8080 (http) with context path '/lmocp-system'
2021-07-20 11:38:40.046 [main] INFO  s.d.s.web.plugins.DocumentationPluginsBootstrapper:93 - Documentation plugins bootstrapped
2021-07-20 11:38:40.050 [main] INFO  s.d.s.web.plugins.DocumentationPluginsBootstrapper:79 - Found 2 custom documentation plugin(s)
2021-07-20 11:38:40.349 [main] INFO  s.d.spring.web.scanners.ApiListingReferenceScanner:44 - Scanning for api listing references
2021-07-20 11:38:40.626 [main] INFO  s.d.s.w.r.operation.CachingOperationNameGenerator:41 - Generating unique operation named: addUsingPOST_1
2021-07-20 11:38:40.628 [main] INFO  s.d.s.w.r.operation.CachingOperationNameGenerator:41 - Generating unique operation named: deleteUsingDELETE_1
2021-07-20 11:38:40.629 [main] INFO  s.d.s.w.r.operation.CachingOperationNameGenerator:41 - Generating unique operation named: deleteBatchUsingDELETE_1
2021-07-20 11:38:40.630 [main] INFO  s.d.s.w.r.operation.CachingOperationNameGenerator:41 - Generating unique operation named: editUsingPUT_1
2021-07-20 11:38:40.632 [main] INFO  s.d.s.w.r.operation.CachingOperationNameGenerator:41 - Generating unique operation named: queryByIdUsingGET_1
2021-07-20 11:38:40.636 [main] INFO  s.d.s.w.r.operation.CachingOperationNameGenerator:41 - Generating unique operation named: queryPageListUsingGET_1
2021-07-20 11:38:40.641 [main] INFO  s.d.s.w.r.operation.CachingOperationNameGenerator:41 - Generating unique operation named: addUsingPOST_2
2021-07-20 11:38:40.644 [main] INFO  s.d.s.w.r.operation.CachingOperationNameGenerator:41 - Generating unique operation named: deleteUsingDELETE_2
2021-07-20 11:38:40.646 [main] INFO  s.d.s.w.r.operation.CachingOperationNameGenerator:41 - Generating unique operation named: deleteBatchUsingDELETE_2
2021-07-20 11:38:40.648 [main] INFO  s.d.s.w.r.operation.CachingOperationNameGenerator:41 - Generating unique operation named: editUsingPUT_2
2021-07-20 11:38:40.649 [main] INFO  s.d.s.w.r.operation.CachingOperationNameGenerator:41 - Generating unique operation named: queryByIdUsingGET_2
2021-07-20 11:38:40.655 [main] INFO  s.d.s.w.r.operation.CachingOperationNameGenerator:41 - Generating unique operation named: queryPageListUsingGET_2
2021-07-20 11:38:40.661 [main] INFO  s.d.s.w.r.operation.CachingOperationNameGenerator:41 - Generating unique operation named: addUsingPOST_3
2021-07-20 11:38:40.663 [main] INFO  s.d.s.w.r.operation.CachingOperationNameGenerator:41 - Generating unique operation named: deleteUsingDELETE_3
2021-07-20 11:38:40.664 [main] INFO  s.d.s.w.r.operation.CachingOperationNameGenerator:41 - Generating unique operation named: deleteBatchUsingDELETE_3
2021-07-20 11:38:40.665 [main] INFO  s.d.s.w.r.operation.CachingOperationNameGenerator:41 - Generating unique operation named: editUsingPUT_3
2021-07-20 11:38:40.666 [main] INFO  s.d.s.w.r.operation.CachingOperationNameGenerator:41 - Generating unique operation named: queryByIdUsingGET_3
2021-07-20 11:38:40.672 [main] INFO  s.d.s.w.r.operation.CachingOperationNameGenerator:41 - Generating unique operation named: queryPageListUsingGET_3
2021-07-20 11:38:40.682 [main] INFO  s.d.s.w.r.operation.CachingOperationNameGenerator:41 - Generating unique operation named: addUsingPOST_4
2021-07-20 11:38:40.684 [main] INFO  s.d.s.w.r.operation.CachingOperationNameGenerator:41 - Generating unique operation named: deleteUsingDELETE_4
2021-07-20 11:38:40.685 [main] INFO  s.d.s.w.r.operation.CachingOperationNameGenerator:41 - Generating unique operation named: deleteBatchUsingDELETE_4
2021-07-20 11:38:40.687 [main] INFO  s.d.s.w.r.operation.CachingOperationNameGenerator:41 - Generating unique operation named: editUsingPUT_4
2021-07-20 11:38:40.689 [main] INFO  s.d.s.w.r.operation.CachingOperationNameGenerator:41 - Generating unique operation named: queryByIdUsingGET_4
2021-07-20 11:38:40.694 [main] INFO  s.d.s.w.r.operation.CachingOperationNameGenerator:41 - Generating unique operation named: queryPageListUsingGET_4
2021-07-20 11:38:40.709 [main] INFO  s.d.s.w.r.operation.CachingOperationNameGenerator:41 - Generating unique operation named: queryPageListUsingGET_5
2021-07-20 11:38:40.711 [main] INFO  s.d.s.w.r.operation.CachingOperationNameGenerator:41 - Generating unique operation named: deleteUsingDELETE_5
2021-07-20 11:38:40.717 [main] INFO  s.d.s.w.r.operation.CachingOperationNameGenerator:41 - Generating unique operation named: addUsingPOST_5
2021-07-20 11:38:40.719 [main] INFO  s.d.s.w.r.operation.CachingOperationNameGenerator:41 - Generating unique operation named: deleteBatchUsingDELETE_5
2021-07-20 11:38:40.721 [main] INFO  s.d.s.w.r.operation.CachingOperationNameGenerator:41 - Generating unique operation named: editUsingPUT_5
2021-07-20 11:38:40.724 [main] INFO  s.d.s.w.r.operation.CachingOperationNameGenerator:41 - Generating unique operation named: queryByIdUsingGET_5
2021-07-20 11:38:40.919 [main] INFO  s.d.spring.web.scanners.ApiListingReferenceScanner:44 - Scanning for api listing references
2021-07-20 11:38:40.973 [main] INFO  s.d.s.w.r.operation.CachingOperationNameGenerator:41 - Generating unique operation named: queryPageListUsingGET_6
2021-07-20 11:38:40.978 [main] INFO  s.d.s.w.r.operation.CachingOperationNameGenerator:41 - Generating unique operation named: addUsingPOST_6
2021-07-20 11:38:40.983 [main] INFO  s.d.s.w.r.operation.CachingOperationNameGenerator:41 - Generating unique operation named: deleteUsingDELETE_6
2021-07-20 11:38:40.985 [main] INFO  s.d.s.w.r.operation.CachingOperationNameGenerator:41 - Generating unique operation named: deleteBatchUsingDELETE_6
2021-07-20 11:38:40.987 [main] INFO  s.d.s.w.r.operation.CachingOperationNameGenerator:41 - Generating unique operation named: editUsingPUT_6
2021-07-20 11:38:40.989 [main] INFO  s.d.s.w.r.operation.CachingOperationNameGenerator:41 - Generating unique operation named: queryByIdUsingGET_6
2021-07-20 11:38:40.992 [main] INFO  s.d.s.w.r.operation.CachingOperationNameGenerator:41 - Generating unique operation named: addUsingPOST_7
2021-07-20 11:38:40.993 [main] INFO  s.d.s.w.r.operation.CachingOperationNameGenerator:41 - Generating unique operation named: deleteUsingDELETE_7
2021-07-20 11:38:40.995 [main] INFO  s.d.s.w.r.operation.CachingOperationNameGenerator:41 - Generating unique operation named: deleteBatchUsingDELETE_7
2021-07-20 11:38:40.997 [main] INFO  s.d.s.w.r.operation.CachingOperationNameGenerator:41 - Generating unique operation named: editUsingPUT_7
2021-07-20 11:38:40.998 [main] INFO  s.d.s.w.r.operation.CachingOperationNameGenerator:41 - Generating unique operation named: queryByIdUsingGET_7
2021-07-20 11:38:41.000 [main] INFO  s.d.s.w.r.operation.CachingOperationNameGenerator:41 - Generating unique operation named: queryPageListUsingGET_7
2021-07-20 11:38:41.002 [main] INFO  s.d.s.w.r.operation.CachingOperationNameGenerator:41 - Generating unique operation named: deleteUsingDELETE_8
2021-07-20 11:38:41.006 [main] INFO  s.d.s.w.r.operation.CachingOperationNameGenerator:41 - Generating unique operation named: editUsingPUT_8
2021-07-20 11:38:41.014 [main] INFO  s.d.s.w.r.operation.CachingOperationNameGenerator:41 - Generating unique operation named: searchPageUsingGET_1
2021-07-20 11:38:41.016 [main] INFO  s.d.s.w.r.operation.CachingOperationNameGenerator:41 - Generating unique operation named: getByIdUsingGET_1
2021-07-20 11:38:41.019 [main] INFO  s.d.s.w.r.operation.CachingOperationNameGenerator:41 - Generating unique operation named: deleteUsingDELETE_9
2021-07-20 11:38:41.022 [main] INFO  s.d.s.w.r.operation.CachingOperationNameGenerator:41 - Generating unique operation named: editUsingPUT_9
2021-07-20 11:38:41.023 [main] INFO  s.d.s.w.r.operation.CachingOperationNameGenerator:41 - Generating unique operation named: getByIdUsingGET_2
2021-07-20 11:38:41.024 [main] INFO  s.d.s.w.r.operation.CachingOperationNameGenerator:41 - Generating unique operation named: getByIdsUsingGET_1
2021-07-20 11:38:41.026 [main] INFO  s.d.s.w.r.operation.CachingOperationNameGenerator:41 - Generating unique operation named: saveUsingPOST_1
2021-07-20 11:38:41.030 [main] INFO  s.d.s.w.r.operation.CachingOperationNameGenerator:41 - Generating unique operation named: searchPageGetUsingGET_1
2021-07-20 11:38:41.032 [main] INFO  s.d.s.w.r.operation.CachingOperationNameGenerator:41 - Generating unique operation named: searchPageGetUsingGET_2
2021-07-20 11:38:41.073 [main] INFO  s.d.s.w.r.operation.CachingOperationNameGenerator:41 - Generating unique operation named: findByNameUsingGET_1
2021-07-20 11:38:41.080 [main] INFO  s.d.s.w.r.operation.CachingOperationNameGenerator:41 - Generating unique operation named: listUsingGET_1
2021-07-20 11:38:41.085 [main] INFO  s.d.s.w.r.operation.CachingOperationNameGenerator:41 - Generating unique operation named: queryByIdUsingGET_8
2021-07-20 11:38:42.325 [main] INFO  o.s.scheduling.quartz.SchedulerFactoryBean:727 - Starting Quartz Scheduler now
2021-07-20 11:38:43.013 [main] INFO  org.quartz.core.QuartzScheduler:547 - Scheduler MyScheduler_$_DESKTOP-EQUELJ01626752309197 started.
2021-07-20 11:38:43.015 [main] INFO  o.s.d.r.c.DeferredRepositoryInitializationListener:49 - Triggering deferred initialization of Spring Data repositories…
2021-07-20 11:38:43.896 [main] INFO  o.s.d.r.c.DeferredRepositoryInitializationListener:53 - Spring Data repositories initialized!
2021-07-20 11:38:43.996 [main] INFO  o.a.camel.spring.boot.SpringBootRoutesCollector:135 - Loading additional Camel XML routes from: classpath:camel/*.xml
2021-07-20 11:38:43.997 [main] INFO  o.a.camel.spring.boot.SpringBootRoutesCollector:163 - Loading additional Camel XML route templates from: classpath:camel-template/*.xml
2021-07-20 11:38:43.998 [main] INFO  o.a.camel.spring.boot.SpringBootRoutesCollector:191 - Loading additional Camel XML rests from: classpath:camel-rest/*.xml
2021-07-20 11:38:45.242 [main] INFO  o.a.camel.impl.engine.AutowiredLifecycleStrategy:89 - Autowired property: validatorFactory on component: bean-validator as exactly one instance of type: javax.validation.ValidatorFactory (org.springframework.validation.beanvalidation.LocalValidatorFactoryBean) found in the registry
2021-07-20 11:38:45.339 [main] INFO  org.apache.camel.impl.engine.AbstractCamelContext:2688 - Apache Camel 3.7.4 (camel-1) is starting
2021-07-20 11:38:45.345 [main] INFO  org.apache.camel.impl.engine.AbstractCamelContext:2857 - StreamCaching is not in use. If using streams then it's recommended to enable stream caching. See more details at http://camel.apache.org/stream-caching.html
2021-07-20 11:38:45.361 [main] INFO  o.a.camel.impl.engine.InternalRouteStartupManager:166 - Route: io.ttyys.micrc.api.route.ApiRouteConfiguration.apiQueryRPC-personQueryService.queryList started and consuming from: direct://io.ttyys.micrc.api.route.ApiRouteConfiguration-personQueryService.queryList
2021-07-20 11:38:45.365 [main] INFO  o.a.camel.impl.engine.InternalRouteStartupManager:166 - Route: io.ttyys.micrc.api.route.ApiRouteConfiguration.apiQueryRPC-personQueryService.queryByName started and consuming from: direct://io.ttyys.micrc.api.route.ApiRouteConfiguration-personQueryService.queryByName
2021-07-20 11:38:45.365 [main] INFO  o.a.camel.impl.engine.InternalRouteStartupManager:166 - Route: io.ttyys.micrc.api.route.ApiRouteConfiguration.apiLogicRPC-positionCreateService.execute started and consuming from: direct://io.ttyys.micrc.api.route.ApiRouteConfiguration-positionCreateService.execute
2021-07-20 11:38:45.366 [main] INFO  o.a.camel.impl.engine.InternalRouteStartupManager:166 - Route: io.ttyys.micrc.api.route.ApiRouteConfiguration.apiQueryRPC-positionQueryService.queryList started and consuming from: direct://io.ttyys.micrc.api.route.ApiRouteConfiguration-positionQueryService.queryList
2021-07-20 11:38:45.366 [main] INFO  o.a.camel.impl.engine.InternalRouteStartupManager:166 - Route: io.ttyys.micrc.api.route.ApiRouteConfiguration.apiQueryRPC-positionQueryService.queryByName started and consuming from: direct://io.ttyys.micrc.api.route.ApiRouteConfiguration-positionQueryService.queryByName
2021-07-20 11:38:45.373 [main] INFO  org.apache.camel.impl.engine.AbstractCamelContext:2740 - Total 5 routes, of which 5 are started
2021-07-20 11:38:45.373 [main] INFO  org.apache.camel.impl.engine.AbstractCamelContext:2746 - Apache Camel 3.7.4 (camel-1) started in 33ms
2021-07-20 11:38:45.556 [main] INFO  org.jeecg.JeecgSystemApplication:61 - Started JeecgSystemApplication in 49.111 seconds (JVM running for 50.212)
2021-07-20 11:38:45.575 [main] INFO  org.jeecg.JeecgSystemApplication:38 - 
----------------------------------------------------------
	Application Jeecg-Boot is running! Access URLs:
	Local: 		http://localhost:8080/lmocp-system/
	External: 	http://192.168.31.157:8080/lmocp-system/
	Swagger文档: 	http://192.168.31.157:8080/lmocp-system/doc.html
----------------------------------------------------------
2021-07-20 11:38:46.826 [SpringContextShutdownHook] INFO  org.apache.camel.impl.engine.AbstractCamelContext:2920 - Apache Camel 3.7.4 (camel-1) is shutting down
2021-07-20 11:38:46.830 [SpringContextShutdownHook] INFO  o.apache.camel.impl.engine.DefaultShutdownStrategy:202 - Starting to graceful shutdown 5 routes (timeout 45 seconds)
2021-07-20 11:38:46.836 [Camel (camel-1) thread #1 - ShutdownTask] INFO  o.apache.camel.impl.engine.DefaultShutdownStrategy:717 - Route: io.ttyys.micrc.api.route.ApiRouteConfiguration.apiQueryRPC-positionQueryService.queryByName shutdown complete, was consuming from: direct://io.ttyys.micrc.api.route.ApiRouteConfiguration-positionQueryService.queryByName
2021-07-20 11:38:46.836 [Camel (camel-1) thread #1 - ShutdownTask] INFO  o.apache.camel.impl.engine.DefaultShutdownStrategy:717 - Route: io.ttyys.micrc.api.route.ApiRouteConfiguration.apiQueryRPC-positionQueryService.queryList shutdown complete, was consuming from: direct://io.ttyys.micrc.api.route.ApiRouteConfiguration-positionQueryService.queryList
2021-07-20 11:38:46.837 [Camel (camel-1) thread #1 - ShutdownTask] INFO  o.apache.camel.impl.engine.DefaultShutdownStrategy:717 - Route: io.ttyys.micrc.api.route.ApiRouteConfiguration.apiLogicRPC-positionCreateService.execute shutdown complete, was consuming from: direct://io.ttyys.micrc.api.route.ApiRouteConfiguration-positionCreateService.execute
2021-07-20 11:38:46.838 [Camel (camel-1) thread #1 - ShutdownTask] INFO  o.apache.camel.impl.engine.DefaultShutdownStrategy:717 - Route: io.ttyys.micrc.api.route.ApiRouteConfiguration.apiQueryRPC-personQueryService.queryByName shutdown complete, was consuming from: direct://io.ttyys.micrc.api.route.ApiRouteConfiguration-personQueryService.queryByName
2021-07-20 11:38:46.838 [Camel (camel-1) thread #1 - ShutdownTask] INFO  o.apache.camel.impl.engine.DefaultShutdownStrategy:717 - Route: io.ttyys.micrc.api.route.ApiRouteConfiguration.apiQueryRPC-personQueryService.queryList shutdown complete, was consuming from: direct://io.ttyys.micrc.api.route.ApiRouteConfiguration-personQueryService.queryList
2021-07-20 11:38:46.838 [SpringContextShutdownHook] INFO  o.apache.camel.impl.engine.DefaultShutdownStrategy:268 - Graceful shutdown of 5 routes completed in 8ms
2021-07-20 11:38:46.858 [SpringContextShutdownHook] INFO  org.apache.camel.impl.engine.AbstractCamelContext:3041 - Apache Camel 3.7.4 (camel-1) uptime 1s518ms
2021-07-20 11:38:46.859 [SpringContextShutdownHook] INFO  org.apache.camel.impl.engine.AbstractCamelContext:3042 - Apache Camel 3.7.4 (camel-1) is shutdown in 33ms
2021-07-20 11:38:46.860 [SpringContextShutdownHook] INFO  org.quartz.core.QuartzScheduler:585 - Scheduler MyScheduler_$_DESKTOP-EQUELJ01626752309197 paused.
2021-07-20 11:38:47.162 [SpringContextShutdownHook] INFO  o.s.integration.endpoint.EventDrivenConsumer:107 - Removing {logging-channel-adapter:_org.springframework.integration.errorLogger} as a subscriber to the 'errorChannel' channel
2021-07-20 11:38:47.162 [SpringContextShutdownHook] INFO  o.s.integration.channel.PublishSubscribeChannel:64 - Channel 'lmocp-system.errorChannel' has 0 subscriber(s).
2021-07-20 11:38:47.163 [SpringContextShutdownHook] INFO  o.s.integration.endpoint.EventDrivenConsumer:193 - stopped bean '_org.springframework.integration.errorLogger'
2021-07-20 11:38:47.228 [SpringContextShutdownHook] INFO  org.apache.activemq.artemis.core.server:1287 - AMQ221002: Apache ActiveMQ Artemis Message Broker version 2.12.0 [f7d8e1ee-e90b-11eb-a85e-00ff3c063e00] stopped, uptime 9.540 seconds
2021-07-20 11:38:47.231 [SpringContextShutdownHook] INFO  o.s.scheduling.concurrent.ThreadPoolTaskExecutor:218 - Shutting down ExecutorService 'jmReportTaskExecutor'
2021-07-20 11:38:47.232 [SpringContextShutdownHook] INFO  o.s.scheduling.quartz.SchedulerFactoryBean:845 - Shutting down Quartz Scheduler
2021-07-20 11:38:47.232 [SpringContextShutdownHook] INFO  org.quartz.core.QuartzScheduler:666 - Scheduler MyScheduler_$_DESKTOP-EQUELJ01626752309197 shutting down.
2021-07-20 11:38:47.233 [SpringContextShutdownHook] INFO  org.quartz.core.QuartzScheduler:585 - Scheduler MyScheduler_$_DESKTOP-EQUELJ01626752309197 paused.
2021-07-20 11:38:47.234 [SpringContextShutdownHook] INFO  org.quartz.core.QuartzScheduler:740 - Scheduler MyScheduler_$_DESKTOP-EQUELJ01626752309197 shutdown complete.
2021-07-20 11:38:47.236 [SpringContextShutdownHook] INFO  o.s.orm.jpa.LocalContainerEntityManagerFactoryBean:598 - Closing JPA EntityManagerFactory for persistence unit 'default'
2021-07-20 11:38:47.238 [SpringContextShutdownHook] INFO  o.s.scheduling.concurrent.ThreadPoolTaskScheduler:218 - Shutting down ExecutorService 'taskScheduler'
2021-07-20 11:38:47.466 [SpringContextShutdownHook] INFO  c.b.dynamic.datasource.DynamicRoutingDataSource:217 - dynamic-datasource start closing ....
2021-07-20 11:38:47.469 [SpringContextShutdownHook] INFO  com.alibaba.druid.pool.DruidDataSource:2029 - {dataSource-1} closing ...
2021-07-20 11:38:47.478 [SpringContextShutdownHook] INFO  com.alibaba.druid.pool.DruidDataSource:2101 - {dataSource-1} closed
2021-07-20 11:38:47.478 [SpringContextShutdownHook] INFO  c.b.dynamic.datasource.DynamicRoutingDataSource:221 - dynamic-datasource all closed success,bye
2021-07-20 11:38:47.479 [SpringContextShutdownHook] INFO  c.a.n.s.c.a.c.NacosValueAnnotationBeanPostProcessor:288 - class com.alibaba.nacos.spring.context.annotation.config.NacosValueAnnotationBeanPostProcessor was destroying!
2021-07-20 11:38:47.479 [SpringContextShutdownHook] INFO  c.a.n.s.b.f.a.AnnotationNacosInjectedBeanPostProcessor:288 - class com.alibaba.nacos.spring.beans.factory.annotation.AnnotationNacosInjectedBeanPostProcessor was destroying!
